INFO:  ANSI Code Page: 1252
INFO:  latexindent.exe version 3.24.4, 2024-07-18, a script to indent .tex files
       latexindent.exe lives here: C:/Users/ArturoSalinas/AppData/Local/nvim-data/mason/packages/latexindent/
       Tue Sep 24 18:53:49 2024
       Reading input from STDIN
INFO:  Processing switches:
INFO:  Directory for backup files and log file indent.log:
       .
INFO:  YAML settings read: defaultSettings.yaml
       Reading defaultSettings.yaml from C:/Users/ArturoSalinas/AppData/Local/nvim-data/mason/packages/latexindent/defaultSettings.yaml
       Reading defaultSettings.yaml (2nd attempt) from C:/Users/ArturoSalinas/AppData/Local/nvim-data/mason/packages/latexindent/../../texmf-dist/scripts/latexindent/defaultSettings.yaml
       and then, if necessary, C:/Users/ArturoSalinas/AppData/Local/nvim-data/mason/packages/latexindent/LatexIndent/defaultSettings.yaml
INFO:  YAML reading settings
       Home directory is C:\Users\ArturoSalinas
       latexindent.pl didn't find indentconfig.yaml or .indentconfig.yaml
       see all possible locations: https://latexindentpl.readthedocs.io/en/latest/sec-appendices.html#indentconfig-options)
INFO:  Phase 1: searching for objects
INFO:  Phase 2: finding surrounding indentation
INFO:  Phase 3: indenting objects
INFO:  Phase 4: final indentation check
INFO:  Output routine:
       Not outputting to file; see -w and -o switches for more options.
       --------------
INFO:  Please direct all communication/issues to:
        https://github.com/cmhughes/latexindent.pl
